This is pdfTeX, Version 3.14159265-2.6-1.40.17 (MiKTeX 2.9.6210 64-bit) (preloaded format=pdflatex 2017.1.16)  15 FEB 2017 16:39
entering extended mode
**./quote.tex
(quote.tex
LaTeX2e <2016/03/31> patch level 3
Babel <3.9r> and hyphenation patterns for 75 language(s) loaded.

! LaTeX Error: Missing \begin{document}.

See the LaTeX manual or LaTeX Companion for explanation.
Type  H <return>  for immediate help.
 ...                                              
                                                  
l.5 \begin{flushright}
                      
You're in trouble here.  Try typing  <return>  to proceed.
If that doesn't work, type  X <return>  to quit.


Overfull \hbox (20.0pt too wide) in paragraph at lines 5--5
[] 
 []


Overfull \hbox (27.22227pt too wide) in paragraph at lines 6--6
 \OT1/cmr/m/sl/10 ``Keep
 []


Overfull \hbox (19.47227pt too wide) in paragraph at lines 6--6
 \OT1/cmr/m/sl/10 your
 []


Overfull \hbox (16.94447pt too wide) in paragraph at lines 6--6
 \OT1/cmr/m/sl/10 face
 []


Overfull \hbox (11.11113pt too wide) in paragraph at lines 6--6
 \OT1/cmr/m/sl/10 al-
 []


Overfull \hbox (20.88892pt too wide) in paragraph at lines 6--6
 \OT1/cmr/m/sl/10 ways
 []


Overfull \hbox (12.22224pt too wide) in paragraph at lines 6--6
 \OT1/cmr/m/sl/10 to-
 []


Overfull \hbox (25.36115pt too wide) in paragraph at lines 6--6
 \OT1/cmr/m/sl/10 wards
 []


Overfull \hbox (13.88892pt too wide) in paragraph at lines 6--6
 \OT1/cmr/m/sl/10 the
 []


Overfull \hbox (18.38892pt too wide) in paragraph at lines 6--6
 \OT1/cmr/m/sl/10 sun-
 []


Overfull \hbox (22.27782pt too wide) in paragraph at lines 6--6
 \OT1/cmr/m/sl/10 shine
 []


Overfull \hbox (16.11116pt too wide) in paragraph at lines 6--6
 \OT1/cmr/m/sl/10 and
 []


Overfull \hbox (23.38893pt too wide) in paragraph at lines 6--6
 \OT1/cmr/m/sl/10 shad-
 []


Overfull \hbox (15.8889pt too wide) in paragraph at lines 6--6
 \OT1/cmr/m/sl/10 ows
 []


Overfull \hbox (15.55559pt too wide) in paragraph at lines 6--6
 \OT1/cmr/m/sl/10 will
 []


Overfull \hbox (13.61116pt too wide) in paragraph at lines 6--6
 \OT1/cmr/m/sl/10 fall
 []


Overfull \hbox (13.61113pt too wide) in paragraph at lines 6--6
 \OT1/cmr/m/sl/10 be-
 []


Overfull \hbox (19.4445pt too wide) in paragraph at lines 6--6
 \OT1/cmr/m/sl/10 hind
 []


Overfull \hbox (23.3334pt too wide) in paragraph at lines 6--6
 \OT1/cmr/m/sl/10 you.''
 []

Missing character: There is no M in font nullfont!
Missing character: There is no R in font nullfont!
Missing character: There is no . in font nullfont!
Missing character: There is no W in font nullfont!
Missing character: There is no a in font nullfont!
Missing character: There is no l in font nullfont!
Missing character: There is no t in font nullfont!
Missing character: There is no e in font nullfont!
Missing character: There is no r in font nullfont!
Missing character: There is no W in font nullfont!
Missing character: There is no h in font nullfont!
Missing character: There is no i in font nullfont!
Missing character: There is no t in font nullfont!
Missing character: There is no e in font nullfont!
)
! Emergency stop.
<*> ./quote.tex
               
*** (job aborted, no legal \end found)

 
Here is how much of TeX's memory you used:
 9 strings out of 493333
 102 string characters out of 3139191
 53242 words of memory out of 3000000
 3638 multiletter control sequences out of 15000+200000
 3993 words of font info for 15 fonts, out of 3000000 for 9000
 1141 hyphenation exceptions out of 8191
 13i,1n,10p,125b,108s stack positions out of 5000i,500n,10000p,200000b,50000s
!  ==> Fatal error occurred, no output PDF file produced!
