\BOOKMARK [0][-]{init.0}{Front Page}{}% 1
\BOOKMARK [0][-]{contents.0}{Table of Contents}{}% 2
\BOOKMARK [0][-]{figures.0}{List of Figures}{}% 3
\BOOKMARK [0][-]{tables.0}{List of Tables}{}% 4
\BOOKMARK [0][-]{chapter.1}{1 Introduction}{}% 5
\BOOKMARK [1][-]{section.1.1}{1.1 Problem Description}{chapter.1}% 6
\BOOKMARK [1][-]{section.1.2}{1.2 Project Objectives}{chapter.1}% 7
\BOOKMARK [1][-]{section.1.3}{1.3 Project Scope}{chapter.1}% 8
\BOOKMARK [1][-]{section.1.4}{1.4 Feasibility Study}{chapter.1}% 9
\BOOKMARK [0][-]{chapter.2}{2 Literature Review}{}% 10
\BOOKMARK [1][-]{section.2.1}{2.1 Management Information system}{chapter.2}% 11
\BOOKMARK [1][-]{section.2.2}{2.2 Management Information System}{chapter.2}% 12
\BOOKMARK [1][-]{section.2.3}{2.3 Educational Management Information System in World}{chapter.2}% 13
\BOOKMARK [1][-]{section.2.4}{2.4 Bahria University Online System \(\)}{chapter.2}% 14
\BOOKMARK [1][-]{section.2.5}{2.5 Developer's Work}{chapter.2}% 15
\BOOKMARK [0][-]{chapter.3}{3 Requirement Specifications}{}% 16
\BOOKMARK [1][-]{section.3.1}{3.1 Existing System}{chapter.3}% 17
\BOOKMARK [1][-]{section.3.2}{3.2 Proposed System}{chapter.3}% 18
\BOOKMARK [1][-]{section.3.3}{3.3 Requirement Specifications}{chapter.3}% 19
\BOOKMARK [0][-]{chapter.4}{4 Design}{}% 20
\BOOKMARK [1][-]{section.4.1}{4.1 System Architecture}{chapter.4}% 21
\BOOKMARK [1][-]{section.4.2}{4.2 Design Constraints}{chapter.4}% 22
\BOOKMARK [1][-]{section.4.3}{4.3 Design Methodology}{chapter.4}% 23
\BOOKMARK [1][-]{section.4.4}{4.4 High Level Design}{chapter.4}% 24
\BOOKMARK [1][-]{section.4.5}{4.5 Low Level Design}{chapter.4}% 25
\BOOKMARK [1][-]{section.4.6}{4.6 GUI Design}{chapter.4}% 26
\BOOKMARK [0][-]{section*.16}{References}{}% 27
